<?xml version="1.0" encoding="UTF-8"?>
<!-- Generated by org.testng.reporters.JUnitXMLReporter -->
<testsuite ignored="5" hostname="DESKTOP-E6JIKVI" failures="0" tests="6" name="TestingMdoule1" time="0.125" errors="0" timestamp="2024-10-07T23:23:07 IST">
  <testcase classname="TestNGTutorial.BasicsTest1" name="demoTest" time="0.013"/>
  <testcase classname="TestNGTutorial.BasicsTest1" name="demoTest1" time="0.005"/>
  <testcase classname="TestNGTutorial.BasicsTest2" name="WebLoginCar" time="0.008"/>
  <testcase classname="TestNGTutorial.BasicsTest2" name="APIloginCar" time="0.003"/>
  <testcase classname="TestNGTutorial.BasicsTest3" name="demoTestprimi3" time="0.003"/>
  <testcase classname="TestNGTutorial.BasicsTest3" name="demoTestMod3" time="0.003"/>
  <testcase classname="TestNGTutorial.BasicsTest2" name="demoTest" time="0.0">
    <ignored/>
  </testcase> <!-- demoTest -->
  <testcase classname="TestNGTutorial.BasicsTest3" name="MoileTestmod3" time="0.0">
    <ignored/>
  </testcase> <!-- MoileTestmod3 -->
  <testcase classname="TestNGTutorial.BasicsTest3" name="MobileTestprim3" time="0.0">
    <ignored/>
  </testcase> <!-- MobileTestprim3 -->
  <testcase classname="TestNGTutorial.BasicsTest3" name="demoTestfun3" time="0.0">
    <ignored/>
  </testcase> <!-- demoTestfun3 -->
  <testcase classname="TestNGTutorial.BasicsTest3" name="MobileTestFun3" time="0.0">
    <ignored/>
  </testcase> <!-- MobileTestFun3 -->
</testsuite> <!-- TestingMdoule1 -->
