<?xml version="1.0" encoding="UTF-8"?>
<!-- Generated by org.testng.reporters.JUnitXMLReporter -->
<testsuite ignored="12" hostname="DESKTOP-E6JIKVI" failures="0" tests="3" name="Testing Mdoule All" time="0.129" errors="0" timestamp="2024-10-06T14:35:49 IST">
  <testcase classname="TestNGTutorial.BasicsTest1" name="demoTest" time="0.021"/>
  <testcase classname="TestNGTutorial.BasicsTest3" name="demoTestfun3" time="0.003"/>
  <testcase classname="TestNGTutorial.BasicsTest4" name="demoTestFun4" time="0.002"/>
  <testcase classname="TestNGTutorial.BasicsTest4" name="MobileTestFun4" time="0.0">
    <ignored/>
  </testcase> <!-- MobileTestFun4 -->
  <testcase classname="TestNGTutorial.BasicsTest1" name="demoTest1" time="0.0">
    <ignored/>
  </testcase> <!-- demoTest1 -->
  <testcase classname="TestNGTutorial.BasicsTest3" name="demoTestprimi3" time="0.0">
    <ignored/>
  </testcase> <!-- demoTestprimi3 -->
  <testcase classname="TestNGTutorial.BasicsTest4" name="MobileTestprim4" time="0.0">
    <ignored/>
  </testcase> <!-- MobileTestprim4 -->
  <testcase classname="TestNGTutorial.BasicsTest2" name="demoTest" time="0.0">
    <ignored/>
  </testcase> <!-- demoTest -->
  <testcase classname="TestNGTutorial.BasicsTest3" name="demoTestMod3" time="0.0">
    <ignored/>
  </testcase> <!-- demoTestMod3 -->
  <testcase classname="TestNGTutorial.BasicsTest3" name="MoileTestmod3" time="0.0">
    <ignored/>
  </testcase> <!-- MoileTestmod3 -->
  <testcase classname="TestNGTutorial.BasicsTest3" name="MobileTestprim3" time="0.0">
    <ignored/>
  </testcase> <!-- MobileTestprim3 -->
  <testcase classname="TestNGTutorial.BasicsTest4" name="demoTestMod4" time="0.0">
    <ignored/>
  </testcase> <!-- demoTestMod4 -->
  <testcase classname="TestNGTutorial.BasicsTest4" name="demoTestprim4" time="0.0">
    <ignored/>
  </testcase> <!-- demoTestprim4 -->
  <testcase classname="TestNGTutorial.BasicsTest3" name="MobileTestFun3" time="0.0">
    <ignored/>
  </testcase> <!-- MobileTestFun3 -->
  <testcase classname="TestNGTutorial.BasicsTest4" name="MobileTestmod4" time="0.0">
    <ignored/>
  </testcase> <!-- MobileTestmod4 -->
</testsuite> <!-- Testing Mdoule All -->
