<?xml version="1.0" encoding="UTF-8"?>
<!-- Generated by org.testng.reporters.JUnitXMLReporter -->
<testsuite ignored="0" hostname="DESKTOP-E6JIKVI" failures="0" tests="3" name="Test" time="0.088" errors="0" timestamp="2024-09-29T18:31:33 IST">
  <testcase classname="TestNGTutorial.BasicsTest1" name="demoTest" time="0.015"/>
  <testcase classname="TestNGTutorial.BasicsTest1" name="demoTest1" time="0.002"/>
  <testcase classname="TestNGTutorial.BasicsTest2" name="demoTest" time="0.003"/>
</testsuite> <!-- Test -->
