<?xml version="1.0" encoding="UTF-8"?>
<!-- Generated by org.testng.reporters.JUnitXMLReporter -->
<testsuite ignored="4" hostname="DESKTOP-E6JIKVI" failures="0" tests="3" name="Testing Mdoule2" time="0.026" errors="0" timestamp="2024-10-07T23:23:07 IST">
  <testcase classname="TestNGTutorial.BasicsTest4" name="demoTestMod4" time="0.003"/>
  <testcase classname="TestNGTutorial.BasicsTest4" name="demoTestprim4" time="0.002"/>
  <testcase classname="TestNGTutorial.BasicsTest4" name="demoTestprim5" time="0.009"/>
  <testcase classname="TestNGTutorial.BasicsTest4" name="MobileTestFun4" time="0.0">
    <ignored/>
  </testcase> <!-- MobileTestFun4 -->
  <testcase classname="TestNGTutorial.BasicsTest4" name="demoTestFun4" time="0.0">
    <ignored/>
  </testcase> <!-- demoTestFun4 -->
  <testcase classname="TestNGTutorial.BasicsTest4" name="MobileTestprim4" time="0.0">
    <ignored/>
  </testcase> <!-- MobileTestprim4 -->
  <testcase classname="TestNGTutorial.BasicsTest4" name="MobileTestmod4" time="0.0">
    <ignored/>
  </testcase> <!-- MobileTestmod4 -->
</testsuite> <!-- Testing Mdoule2 -->
